

Started GET "/assets/rails.png" for 127.0.0.1 at Sat Feb 11 00:54:00 -0700 2012
Served asset /rails.png - 200 OK (5ms)


Started GET "/assets/rails.png" for 127.0.0.1 at Sat Feb 11 15:15:59 -0700 2012
Served asset /rails.png - 304 Not Modified (0ms)


Started GET "/users/" for 127.0.0.1 at Sat Feb 11 15:16:06 -0700 2012
Processing by UsersController#index as HTML
Completed 500 Internal Server Error in 3ms

ActiveRecord::StatementInvalid (Could not find table 'users'):
  app/controllers/users_controller.rb:5:in `index'


  Rendered /Library/Ruby/Gems/1.8/gems/actionpack-3.2.1/lib/action_dispatch/middleware/templates/rescues/_trace.erb (0.7ms)
  Rendered /Library/Ruby/Gems/1.8/gems/actionpack-3.2.1/lib/action_dispatch/middleware/templates/rescues/_request_and_response.erb (0.8ms)
  Rendered /Library/Ruby/Gems/1.8/gems/actionpack-3.2.1/lib/action_dispatch/middleware/templates/rescues/diagnostics.erb within rescues/layout (24.2ms)


Started GET "/users/new" for 127.0.0.1 at Sat Feb 11 15:16:10 -0700 2012
Processing by UsersController#new as HTML
Completed 500 Internal Server Error in 0ms

ActiveRecord::StatementInvalid (Could not find table 'users'):
  app/controllers/users_controller.rb:27:in `new'
  app/controllers/users_controller.rb:27:in `new'


  Rendered /Library/Ruby/Gems/1.8/gems/actionpack-3.2.1/lib/action_dispatch/middleware/templates/rescues/_trace.erb (0.7ms)
  Rendered /Library/Ruby/Gems/1.8/gems/actionpack-3.2.1/lib/action_dispatch/middleware/templates/rescues/_request_and_response.erb (0.6ms)
  Rendered /Library/Ruby/Gems/1.8/gems/actionpack-3.2.1/lib/action_dispatch/middleware/templates/rescues/diagnostics.erb within rescues/layout (2.9ms)
  [1m[36m (0.1ms)[0m  [1mselect sqlite_version(*)[0m
  [1m[35m (1.3ms)[0m  CREATE TABLE "schema_migrations" ("version" varchar(255) NOT NULL) 
  [1m[36m (0.0ms)[0m  [1mPRAGMA index_list("schema_migrations")[0m
  [1m[35m (1.5ms)[0m  CREATE UNIQUE INDEX "unique_schema_migrations" ON "schema_migrations" ("version")
  [1m[36m (0.1ms)[0m  [1mSELECT "schema_migrations"."version" FROM "schema_migrations" [0m
Migrating to CreateUsers (20120211221545)
  [1m[35m (0.0ms)[0m  begin transaction
  [1m[36m (0.2ms)[0m  [1mCREATE TABLE "users" ("id" INTEGER PRIMARY KEY AUTOINCREMENT NOT NULL, "name" varchar(255), "email" varchar(255), "created_at" datetime NOT NULL, "updated_at" datetime NOT NULL) [0m
  [1m[35m (0.1ms)[0m  INSERT INTO "schema_migrations" ("version") VALUES ('20120211221545')
  [1m[36m (1.6ms)[0m  [1mcommit transaction[0m
  [1m[35m (0.1ms)[0m  select sqlite_version(*)
  [1m[36m (0.1ms)[0m  [1mSELECT "schema_migrations"."version" FROM "schema_migrations" [0m
  [1m[35m (0.0ms)[0m  PRAGMA index_list("users")


Started GET "/users/new" for 127.0.0.1 at Sat Feb 11 15:16:52 -0700 2012
Processing by UsersController#new as HTML
  Rendered users/_form.html.erb (104.7ms)
  Rendered users/new.html.erb within layouts/application (114.8ms)
Compiled scaffolds.css  (77ms)  (pid 64647)
Compiled users.css  (5ms)  (pid 64647)
Compiled application.css  (94ms)  (pid 64647)
Compiled jquery.js  (4ms)  (pid 64647)
Compiled jquery_ujs.js  (0ms)  (pid 64647)
Compiled users.js  (236ms)  (pid 64647)
Compiled application.js  (311ms)  (pid 64647)
Completed 200 OK in 695ms (Views: 691.6ms | ActiveRecord: 0.0ms)


Started GET "/assets/application.css?body=1" for 127.0.0.1 at Sat Feb 11 15:16:53 -0700 2012
Served asset /application.css - 200 OK (14ms)


Started GET "/assets/scaffolds.css?body=1" for 127.0.0.1 at Sat Feb 11 15:16:53 -0700 2012
Served asset /scaffolds.css - 200 OK (1ms)


Started GET "/assets/jquery.js?body=1" for 127.0.0.1 at Sat Feb 11 15:16:53 -0700 2012
Served asset /jquery.js - 200 OK (4ms)


Started GET "/assets/users.css?body=1" for 127.0.0.1 at Sat Feb 11 15:16:53 -0700 2012
Served asset /users.css - 200 OK (1ms)


Started GET "/assets/jquery_ujs.js?body=1" for 127.0.0.1 at Sat Feb 11 15:16:53 -0700 2012
Served asset /jquery_ujs.js - 200 OK (2ms)


Started GET "/assets/users.js?body=1" for 127.0.0.1 at Sat Feb 11 15:16:53 -0700 2012
Served asset /users.js - 200 OK (1ms)


Started GET "/assets/application.js?body=1" for 127.0.0.1 at Sat Feb 11 15:16:53 -0700 2012
Served asset /application.js - 200 OK (5ms)


Started POST "/users" for 127.0.0.1 at Sat Feb 11 15:17:02 -0700 2012
Processing by UsersController#create as HTML
  Parameters: {"commit"=>"Create User", "authenticity_token"=>"Po+nJf103rVzmR3q4ae7uJVam4ztUJ0hkXhITjzYThM=", "utf8"=>"\342\234\223", "user"=>{"name"=>"Connor", "email"=>"condormcs@gmail.com"}}
  [1m[36m (0.1ms)[0m  [1mbegin transaction[0m
  [1m[35mSQL (19.8ms)[0m  INSERT INTO "users" ("created_at", "email", "name", "updated_at") VALUES (?, ?, ?, ?)  [["created_at", Sat, 11 Feb 2012 22:17:02 UTC +00:00], ["email", "condormcs@gmail.com"], ["name", "Connor"], ["updated_at", Sat, 11 Feb 2012 22:17:02 UTC +00:00]]
  [1m[36m (2.0ms)[0m  [1mcommit transaction[0m
Redirected to http://localhost:3000/users/1
Completed 302 Found in 26ms (ActiveRecord: 21.8ms)


Started GET "/users/1" for 127.0.0.1 at Sat Feb 11 15:17:02 -0700 2012
Processing by UsersController#show as HTML
  Parameters: {"id"=>"1"}
  [1m[35mUser Load (0.2ms)[0m  SELECT "users".* FROM "users" WHERE "users"."id" = ? LIMIT 1  [["id", "1"]]
  Rendered users/show.html.erb within layouts/application (1.0ms)
Completed 200 OK in 7ms (Views: 4.9ms | ActiveRecord: 0.2ms)


Started GET "/assets/users.css?body=1" for 127.0.0.1 at Sat Feb 11 15:17:02 -0700 2012
Served asset /users.css - 304 Not Modified (0ms)


Started GET "/assets/scaffolds.css?body=1" for 127.0.0.1 at Sat Feb 11 15:17:02 -0700 2012
Served asset /scaffolds.css - 304 Not Modified (0ms)


Started GET "/assets/users.js?body=1" for 127.0.0.1 at Sat Feb 11 15:17:02 -0700 2012
Served asset /users.js - 304 Not Modified (0ms)


Started GET "/users" for 127.0.0.1 at Sat Feb 11 15:17:03 -0700 2012
Processing by UsersController#index as HTML
  [1m[36mUser Load (0.1ms)[0m  [1mSELECT "users".* FROM "users" [0m
  Rendered users/index.html.erb within layouts/application (1.6ms)
Completed 200 OK in 6ms (Views: 5.2ms | ActiveRecord: 0.1ms)


Started GET "/assets/scaffolds.css?body=1" for 127.0.0.1 at Sat Feb 11 15:17:04 -0700 2012
Served asset /scaffolds.css - 304 Not Modified (0ms)


Started GET "/assets/users.js?body=1" for 127.0.0.1 at Sat Feb 11 15:17:04 -0700 2012
Served asset /users.js - 304 Not Modified (0ms)


Started GET "/assets/users.css?body=1" for 127.0.0.1 at Sat Feb 11 15:17:04 -0700 2012
Served asset /users.css - 304 Not Modified (0ms)


Started GET "/users/new" for 127.0.0.1 at Sat Feb 11 15:36:57 -0700 2012
Processing by UsersController#new as HTML
  Rendered users/_form.html.erb (1.7ms)
  Rendered users/new.html.erb within layouts/application (2.4ms)
Completed 200 OK in 6ms (Views: 5.9ms | ActiveRecord: 0.0ms)


Started GET "/assets/scaffolds.css?body=1" for 127.0.0.1 at Sat Feb 11 15:36:57 -0700 2012
Served asset /scaffolds.css - 304 Not Modified (0ms)


Started GET "/assets/users.css?body=1" for 127.0.0.1 at Sat Feb 11 15:36:57 -0700 2012
Served asset /users.css - 304 Not Modified (0ms)


Started GET "/assets/users.js?body=1" for 127.0.0.1 at Sat Feb 11 15:36:57 -0700 2012
Served asset /users.js - 304 Not Modified (0ms)


Started POST "/users" for 127.0.0.1 at Sat Feb 11 15:37:02 -0700 2012
Processing by UsersController#create as HTML
  Parameters: {"commit"=>"Create User", "authenticity_token"=>"Po+nJf103rVzmR3q4ae7uJVam4ztUJ0hkXhITjzYThM=", "utf8"=>"\342\234\223", "user"=>{"name"=>"asdfasdf asf", "email"=>"asdfasdfasdf"}}
  [1m[35m (0.1ms)[0m  begin transaction
  [1m[36mSQL (0.3ms)[0m  [1mINSERT INTO "users" ("created_at", "email", "name", "updated_at") VALUES (?, ?, ?, ?)[0m  [["created_at", Sat, 11 Feb 2012 22:37:02 UTC +00:00], ["email", "asdfasdfasdf"], ["name", "asdfasdf asf"], ["updated_at", Sat, 11 Feb 2012 22:37:02 UTC +00:00]]
  [1m[35m (2.9ms)[0m  commit transaction
Redirected to http://localhost:3000/users/2
Completed 302 Found in 5ms (ActiveRecord: 3.3ms)


Started GET "/users/2" for 127.0.0.1 at Sat Feb 11 15:37:02 -0700 2012
Processing by UsersController#show as HTML
  Parameters: {"id"=>"2"}
  [1m[36mUser Load (0.1ms)[0m  [1mSELECT "users".* FROM "users" WHERE "users"."id" = ? LIMIT 1[0m  [["id", "2"]]
  Rendered users/show.html.erb within layouts/application (0.5ms)
Completed 200 OK in 5ms (Views: 4.0ms | ActiveRecord: 0.1ms)


Started GET "/assets/scaffolds.css?body=1" for 127.0.0.1 at Sat Feb 11 15:37:02 -0700 2012
Served asset /scaffolds.css - 304 Not Modified (0ms)


Started GET "/assets/users.css?body=1" for 127.0.0.1 at Sat Feb 11 15:37:02 -0700 2012
Served asset /users.css - 304 Not Modified (0ms)


Started GET "/assets/users.js?body=1" for 127.0.0.1 at Sat Feb 11 15:37:02 -0700 2012
Served asset /users.js - 304 Not Modified (0ms)


Started GET "/users" for 127.0.0.1 at Sat Feb 11 15:37:04 -0700 2012
Processing by UsersController#index as HTML
  [1m[35mUser Load (0.1ms)[0m  SELECT "users".* FROM "users" 
  Rendered users/index.html.erb within layouts/application (1.6ms)
Completed 200 OK in 6ms (Views: 5.1ms | ActiveRecord: 0.1ms)


Started GET "/assets/scaffolds.css?body=1" for 127.0.0.1 at Sat Feb 11 15:37:04 -0700 2012
Served asset /scaffolds.css - 304 Not Modified (0ms)


Started GET "/assets/users.js?body=1" for 127.0.0.1 at Sat Feb 11 15:37:04 -0700 2012
Served asset /users.js - 304 Not Modified (0ms)


Started GET "/assets/users.css?body=1" for 127.0.0.1 at Sat Feb 11 15:37:04 -0700 2012
Served asset /users.css - 304 Not Modified (0ms)
  [1m[36m (0.1ms)[0m  [1mSELECT "schema_migrations"."version" FROM "schema_migrations" [0m
Migrating to CreateUsers (20120211221545)
Migrating to CreateMicroposts (20120211224029)
  [1m[35m (0.0ms)[0m  select sqlite_version(*)
  [1m[36m (0.0ms)[0m  [1mbegin transaction[0m
  [1m[35m (0.3ms)[0m  CREATE TABLE "microposts" ("id" INTEGER PRIMARY KEY AUTOINCREMENT NOT NULL, "content" varchar(255), "user_id" integer, "created_at" datetime NOT NULL, "updated_at" datetime NOT NULL) 
  [1m[36m (0.1ms)[0m  [1mINSERT INTO "schema_migrations" ("version") VALUES ('20120211224029')[0m
  [1m[35m (1.8ms)[0m  commit transaction
  [1m[36m (0.0ms)[0m  [1mselect sqlite_version(*)[0m
  [1m[35m (0.1ms)[0m  SELECT "schema_migrations"."version" FROM "schema_migrations" 
  [1m[36m (0.0ms)[0m  [1mPRAGMA index_list("microposts")[0m
  [1m[35m (0.0ms)[0m  PRAGMA index_list("users")


Started GET "/assets/rails.png" for 127.0.0.1 at Sat Feb 11 15:43:57 -0700 2012
Served asset /rails.png - 304 Not Modified (0ms)


Started GET "/microposts/" for 127.0.0.1 at Sat Feb 11 15:44:05 -0700 2012
Processing by MicropostsController#index as HTML
  [1m[36mMicropost Load (0.1ms)[0m  [1mSELECT "microposts".* FROM "microposts" [0m
  Rendered microposts/index.html.erb within layouts/application (0.8ms)
Compiled microposts.css  (1ms)  (pid 64647)
Compiled application.css  (10ms)  (pid 64647)
Compiled microposts.js  (140ms)  (pid 64647)
Compiled application.js  (151ms)  (pid 64647)
Completed 200 OK in 244ms (Views: 243.4ms | ActiveRecord: 0.1ms)


Started GET "/assets/microposts.css?body=1" for 127.0.0.1 at Sat Feb 11 15:44:05 -0700 2012
Served asset /microposts.css - 200 OK (2ms)


Started GET "/assets/microposts.js?body=1" for 127.0.0.1 at Sat Feb 11 15:44:05 -0700 2012
Served asset /microposts.js - 200 OK (1ms)


Started GET "/assets/application.css?body=1" for 127.0.0.1 at Sat Feb 11 15:44:05 -0700 2012
Served asset /application.css - 304 Not Modified (6ms)


Started GET "/assets/users.css?body=1" for 127.0.0.1 at Sat Feb 11 15:44:05 -0700 2012
Served asset /users.css - 304 Not Modified (0ms)


Started GET "/assets/scaffolds.css?body=1" for 127.0.0.1 at Sat Feb 11 15:44:06 -0700 2012
Served asset /scaffolds.css - 304 Not Modified (0ms)


Started GET "/assets/jquery.js?body=1" for 127.0.0.1 at Sat Feb 11 15:44:06 -0700 2012
Served asset /jquery.js - 304 Not Modified (0ms)


Started GET "/assets/jquery_ujs.js?body=1" for 127.0.0.1 at Sat Feb 11 15:44:06 -0700 2012
Served asset /jquery_ujs.js - 304 Not Modified (0ms)


Started GET "/assets/users.js?body=1" for 127.0.0.1 at Sat Feb 11 15:44:06 -0700 2012
Served asset /users.js - 304 Not Modified (0ms)


Started GET "/assets/application.js?body=1" for 127.0.0.1 at Sat Feb 11 15:44:06 -0700 2012
Served asset /application.js - 304 Not Modified (8ms)


Started GET "/microposts/new" for 127.0.0.1 at Sat Feb 11 15:44:07 -0700 2012
Processing by MicropostsController#new as HTML
  Rendered microposts/_form.html.erb (3.0ms)
  Rendered microposts/new.html.erb within layouts/application (4.1ms)
Completed 200 OK in 57ms (Views: 53.3ms | ActiveRecord: 0.0ms)


Started GET "/assets/application.css?body=1" for 127.0.0.1 at Sat Feb 11 15:44:07 -0700 2012
Served asset /application.css - 304 Not Modified (0ms)


Started GET "/assets/scaffolds.css?body=1" for 127.0.0.1 at Sat Feb 11 15:44:07 -0700 2012
Served asset /scaffolds.css - 304 Not Modified (0ms)


Started GET "/assets/jquery.js?body=1" for 127.0.0.1 at Sat Feb 11 15:44:07 -0700 2012
Served asset /jquery.js - 304 Not Modified (0ms)


Started GET "/assets/jquery_ujs.js?body=1" for 127.0.0.1 at Sat Feb 11 15:44:07 -0700 2012
Served asset /jquery_ujs.js - 304 Not Modified (0ms)


Started GET "/assets/users.css?body=1" for 127.0.0.1 at Sat Feb 11 15:44:07 -0700 2012
Served asset /users.css - 304 Not Modified (0ms)


Started GET "/assets/users.js?body=1" for 127.0.0.1 at Sat Feb 11 15:44:07 -0700 2012
Served asset /users.js - 304 Not Modified (0ms)


Started GET "/assets/application.js?body=1" for 127.0.0.1 at Sat Feb 11 15:44:07 -0700 2012
Served asset /application.js - 304 Not Modified (0ms)


Started POST "/microposts" for 127.0.0.1 at Sat Feb 11 15:44:26 -0700 2012
Processing by MicropostsController#create as HTML
  Parameters: {"commit"=>"Create Micropost", "micropost"=>{"user_id"=>"1", "content"=>"First post"}, "authenticity_token"=>"Po+nJf103rVzmR3q4ae7uJVam4ztUJ0hkXhITjzYThM=", "utf8"=>"\342\234\223"}
  [1m[35m (0.1ms)[0m  begin transaction
  [1m[36mSQL (0.4ms)[0m  [1mINSERT INTO "microposts" ("content", "created_at", "updated_at", "user_id") VALUES (?, ?, ?, ?)[0m  [["content", "First post"], ["created_at", Sat, 11 Feb 2012 22:44:26 UTC +00:00], ["updated_at", Sat, 11 Feb 2012 22:44:26 UTC +00:00], ["user_id", 1]]
  [1m[35m (4.9ms)[0m  commit transaction
Redirected to http://localhost:3000/microposts/1
Completed 302 Found in 9ms (ActiveRecord: 5.3ms)


Started GET "/microposts/1" for 127.0.0.1 at Sat Feb 11 15:44:26 -0700 2012
Processing by MicropostsController#show as HTML
  Parameters: {"id"=>"1"}
  [1m[36mMicropost Load (0.1ms)[0m  [1mSELECT "microposts".* FROM "microposts" WHERE "microposts"."id" = ? LIMIT 1[0m  [["id", "1"]]
  Rendered microposts/show.html.erb within layouts/application (0.9ms)
Completed 200 OK in 6ms (Views: 4.7ms | ActiveRecord: 0.1ms)


Started GET "/assets/application.css?body=1" for 127.0.0.1 at Sat Feb 11 15:44:26 -0700 2012
Served asset /application.css - 304 Not Modified (0ms)


Started GET "/assets/scaffolds.css?body=1" for 127.0.0.1 at Sat Feb 11 15:44:26 -0700 2012
Served asset /scaffolds.css - 304 Not Modified (0ms)


Started GET "/assets/jquery.js?body=1" for 127.0.0.1 at Sat Feb 11 15:44:26 -0700 2012
Served asset /jquery.js - 304 Not Modified (0ms)


Started GET "/assets/jquery_ujs.js?body=1" for 127.0.0.1 at Sat Feb 11 15:44:26 -0700 2012
Served asset /jquery_ujs.js - 304 Not Modified (0ms)


Started GET "/assets/users.css?body=1" for 127.0.0.1 at Sat Feb 11 15:44:26 -0700 2012
Served asset /users.css - 304 Not Modified (0ms)


Started GET "/assets/users.js?body=1" for 127.0.0.1 at Sat Feb 11 15:44:26 -0700 2012
Served asset /users.js - 304 Not Modified (0ms)


Started GET "/assets/application.js?body=1" for 127.0.0.1 at Sat Feb 11 15:44:26 -0700 2012
Served asset /application.js - 304 Not Modified (0ms)


Started GET "/microposts/1" for 127.0.0.1 at Sat Feb 11 15:53:53 -0700 2012
Processing by MicropostsController#show as HTML
  Parameters: {"id"=>"1"}
  [1m[35mMicropost Load (0.1ms)[0m  SELECT "microposts".* FROM "microposts" WHERE "microposts"."id" = ? LIMIT 1  [["id", "1"]]
  Rendered microposts/show.html.erb within layouts/application (0.6ms)
Completed 200 OK in 11ms (Views: 6.2ms | ActiveRecord: 0.1ms)


Started GET "/assets/application.css?body=1" for 127.0.0.1 at Sat Feb 11 15:53:53 -0700 2012
Served asset /application.css - 304 Not Modified (0ms)


Started GET "/assets/microposts.css?body=1" for 127.0.0.1 at Sat Feb 11 15:53:53 -0700 2012
Served asset /microposts.css - 304 Not Modified (0ms)


Started GET "/assets/scaffolds.css?body=1" for 127.0.0.1 at Sat Feb 11 15:53:53 -0700 2012
Served asset /scaffolds.css - 304 Not Modified (0ms)


Started GET "/assets/users.css?body=1" for 127.0.0.1 at Sat Feb 11 15:53:53 -0700 2012
Served asset /users.css - 304 Not Modified (0ms)


Started GET "/assets/jquery.js?body=1" for 127.0.0.1 at Sat Feb 11 15:53:53 -0700 2012
Served asset /jquery.js - 304 Not Modified (0ms)


Started GET "/assets/jquery_ujs.js?body=1" for 127.0.0.1 at Sat Feb 11 15:53:53 -0700 2012
Served asset /jquery_ujs.js - 304 Not Modified (0ms)


Started GET "/assets/microposts.js?body=1" for 127.0.0.1 at Sat Feb 11 15:53:53 -0700 2012
Served asset /microposts.js - 304 Not Modified (0ms)


Started GET "/assets/users.js?body=1" for 127.0.0.1 at Sat Feb 11 15:53:53 -0700 2012
Served asset /users.js - 304 Not Modified (0ms)


Started GET "/assets/application.js?body=1" for 127.0.0.1 at Sat Feb 11 15:53:53 -0700 2012
Served asset /application.js - 304 Not Modified (0ms)


Started GET "/microposts" for 127.0.0.1 at Sat Feb 11 15:53:54 -0700 2012
Processing by MicropostsController#index as HTML
  [1m[36mMicropost Load (0.1ms)[0m  [1mSELECT "microposts".* FROM "microposts" [0m
  Rendered microposts/index.html.erb within layouts/application (1.3ms)
Completed 200 OK in 46ms (Views: 44.5ms | ActiveRecord: 0.1ms)


Started GET "/assets/application.css?body=1" for 127.0.0.1 at Sat Feb 11 15:53:54 -0700 2012
Served asset /application.css - 304 Not Modified (0ms)


Started GET "/assets/microposts.css?body=1" for 127.0.0.1 at Sat Feb 11 15:53:54 -0700 2012
Served asset /microposts.css - 304 Not Modified (0ms)


Started GET "/assets/scaffolds.css?body=1" for 127.0.0.1 at Sat Feb 11 15:53:54 -0700 2012
Served asset /scaffolds.css - 304 Not Modified (0ms)


Started GET "/assets/users.css?body=1" for 127.0.0.1 at Sat Feb 11 15:53:54 -0700 2012
Served asset /users.css - 304 Not Modified (0ms)


Started GET "/assets/jquery.js?body=1" for 127.0.0.1 at Sat Feb 11 15:53:54 -0700 2012
Served asset /jquery.js - 304 Not Modified (0ms)


Started GET "/assets/jquery_ujs.js?body=1" for 127.0.0.1 at Sat Feb 11 15:53:54 -0700 2012
Served asset /jquery_ujs.js - 304 Not Modified (0ms)


Started GET "/assets/microposts.js?body=1" for 127.0.0.1 at Sat Feb 11 15:53:54 -0700 2012
Served asset /microposts.js - 304 Not Modified (0ms)


Started GET "/assets/users.js?body=1" for 127.0.0.1 at Sat Feb 11 15:53:54 -0700 2012
Served asset /users.js - 304 Not Modified (0ms)


Started GET "/assets/application.js?body=1" for 127.0.0.1 at Sat Feb 11 15:53:54 -0700 2012
Served asset /application.js - 304 Not Modified (0ms)


Started GET "/microposts/new" for 127.0.0.1 at Sat Feb 11 15:53:56 -0700 2012
Processing by MicropostsController#new as HTML
  Rendered microposts/_form.html.erb (1.7ms)
  Rendered microposts/new.html.erb within layouts/application (2.4ms)
Completed 200 OK in 7ms (Views: 6.4ms | ActiveRecord: 0.0ms)


Started GET "/assets/application.css?body=1" for 127.0.0.1 at Sat Feb 11 15:53:56 -0700 2012
Served asset /application.css - 304 Not Modified (0ms)


Started GET "/assets/microposts.css?body=1" for 127.0.0.1 at Sat Feb 11 15:53:56 -0700 2012
Served asset /microposts.css - 304 Not Modified (0ms)


Started GET "/assets/scaffolds.css?body=1" for 127.0.0.1 at Sat Feb 11 15:53:56 -0700 2012
Served asset /scaffolds.css - 304 Not Modified (0ms)


Started GET "/assets/jquery_ujs.js?body=1" for 127.0.0.1 at Sat Feb 11 15:53:56 -0700 2012
Served asset /jquery_ujs.js - 304 Not Modified (0ms)


Started GET "/assets/jquery.js?body=1" for 127.0.0.1 at Sat Feb 11 15:53:56 -0700 2012
Served asset /jquery.js - 304 Not Modified (0ms)


Started GET "/assets/users.css?body=1" for 127.0.0.1 at Sat Feb 11 15:53:56 -0700 2012
Served asset /users.css - 304 Not Modified (0ms)


Started GET "/assets/microposts.js?body=1" for 127.0.0.1 at Sat Feb 11 15:53:56 -0700 2012
Served asset /microposts.js - 304 Not Modified (0ms)


Started GET "/assets/users.js?body=1" for 127.0.0.1 at Sat Feb 11 15:53:56 -0700 2012
Served asset /users.js - 304 Not Modified (0ms)


Started GET "/assets/application.js?body=1" for 127.0.0.1 at Sat Feb 11 15:53:56 -0700 2012
Served asset /application.js - 304 Not Modified (0ms)


Started POST "/microposts" for 127.0.0.1 at Sat Feb 11 15:54:06 -0700 2012
Processing by MicropostsController#create as HTML
  Parameters: {"commit"=>"Create Micropost", "micropost"=>{"user_id"=>"1", "content"=>"Lorem ipsum dolor sit amet, consectetur adipiscing elit. Fusce tincidunt blandit mi, non gravida nisl condimentum sit amet. Vestibulum porta auctor metus id lobortis. Cum sociis natoque penatibus et magnis dis parturient montes, nascetur ridiculus mus. Nunc vitae lorem nec tellus aliquam varius. Donec ullamcorper volutpat egestas. Proin neque nulla, auctor sed rhoncus sit amet, auctor at risus. Donec a ante ipsum. In bibendum, turpis ut aliquam sodales, metus turpis pulvinar lectus, at sagittis velit enim in mauris. In libero nulla, elementum a vulputate nec, interdum non enim.  Mauris in purus neque, sit amet scelerisque neque. Sed at mi nisi, scelerisque varius eros. Mauris varius rutrum massa ornare mattis. Sed faucibus pulvinar urna, vitae placerat nisl lobortis vel. Aenean volutpat purus non purus condimentum sodales a eu turpis. Nullam lobortis faucibus eros nec mollis. Aenean egestas metus eget elit sodales sit amet gravida arcu consequat. Sed vulputate mi eu nunc suscipit id tristique turpis ullamcorper. Nunc odio lorem, bibendum pharetra hendrerit adipiscing, aliquam ac enim. Vestibulum ante ipsum primis in faucibus orci luctus et ultrices posuere cubilia Curae; Donec sollicitudin felis in tellus iaculis vehicula nec a erat. Donec justo ante, vestibulum id malesuada at, sodales vel neque. Ut venenatis sem turpis. Sed eleifend bibendum varius.  Fusce sit amet metus nec mauris vehicula sollicitudin ornare quis urna. Integer ac lectus massa, et sollicitudin justo. Aenean at elit eget urna interdum euismod id sit amet massa. Proin vitae nulla nec odio iaculis venenatis. Nullam semper feugiat luctus. Vestibulum rutrum nunc a erat accumsan vitae pharetra erat fermentum. Cras non orci odio. Phasellus eu convallis nulla. Vivamus feugiat ipsum est. Donec sollicitudin orci vitae tellus volutpat id auctor dolor luctus. Curabitur accumsan ornare elit nec consequat. Vestibulum eu dictum libero. Nulla libero justo, ultricies id mollis in, blandit vitae mi. In quam nibh, ultrices iaculis pretium in, eleifend ut quam. Nullam euismod vulputate bibendum. Sed varius, arcu a hendrerit pellentesque, massa turpis consequat magna, posuere blandit augue ante et arcu.  Nunc ac est lorem. Vestibulum ante ipsum primis in faucibus orci luctus et ultrices posuere cubilia Curae; Donec leo ligula, sodales sed pharetra eget, dapibus gravida elit. Suspendisse in odio vel orci hendrerit varius sit amet eu turpis. Praesent vitae tortor eros, et porttitor urna. Vestibulum egestas odio eros. In vitae purus nec justo mattis dapibus. Duis eleifend porta ligula nec auctor. Nunc et nibh justo. Donec tincidunt lorem a lacus fermentum sodales. Phasellus ultrices semper mi, ac scelerisque nunc tempor in. Suspendisse enim ligula, tincidunt nec tincidunt at, aliquam eu ipsum.  Etiam vel ipsum nisl. Maecenas sed lectus mauris. Duis scelerisque elementum consectetur. Suspendisse neque quam, pellentesque tempus luctus et, adipiscing euismod est. In elit dui, dignissim ut egestas id, dignissim a nisi. Suspendisse potenti. Aliquam erat volutpat. Nullam bibendum ligula ac justo volutpat at blandit justo egestas. Sed lobortis sem eu mi egestas non pharetra lacus scelerisque. In sit amet mauris tortor. Ut ullamcorper dolor eget justo pulvinar nec aliquam nibh pharetra. Pellentesque in dolor tempus tellus pellentesque consectetur."}, "authenticity_token"=>"Po+nJf103rVzmR3q4ae7uJVam4ztUJ0hkXhITjzYThM=", "utf8"=>"\342\234\223"}
  [1m[35m (0.1ms)[0m  begin transaction
  [1m[36m (0.1ms)[0m  [1mrollback transaction[0m
  Rendered microposts/_form.html.erb (2.0ms)
  Rendered microposts/new.html.erb within layouts/application (2.7ms)
Completed 200 OK in 54ms (Views: 6.3ms | ActiveRecord: 0.1ms)


Started GET "/assets/application.css?body=1" for 127.0.0.1 at Sat Feb 11 15:54:06 -0700 2012
Served asset /application.css - 304 Not Modified (0ms)


Started GET "/assets/microposts.css?body=1" for 127.0.0.1 at Sat Feb 11 15:54:06 -0700 2012
Served asset /microposts.css - 304 Not Modified (0ms)


Started GET "/assets/scaffolds.css?body=1" for 127.0.0.1 at Sat Feb 11 15:54:06 -0700 2012
Served asset /scaffolds.css - 304 Not Modified (0ms)


Started GET "/assets/users.css?body=1" for 127.0.0.1 at Sat Feb 11 15:54:06 -0700 2012
Served asset /users.css - 304 Not Modified (0ms)


Started GET "/assets/jquery_ujs.js?body=1" for 127.0.0.1 at Sat Feb 11 15:54:06 -0700 2012
Served asset /jquery_ujs.js - 304 Not Modified (0ms)


Started GET "/assets/jquery.js?body=1" for 127.0.0.1 at Sat Feb 11 15:54:06 -0700 2012
Served asset /jquery.js - 304 Not Modified (0ms)


Started GET "/assets/microposts.js?body=1" for 127.0.0.1 at Sat Feb 11 15:54:06 -0700 2012
Served asset /microposts.js - 304 Not Modified (0ms)


Started GET "/assets/users.js?body=1" for 127.0.0.1 at Sat Feb 11 15:54:06 -0700 2012
Served asset /users.js - 304 Not Modified (0ms)


Started GET "/assets/application.js?body=1" for 127.0.0.1 at Sat Feb 11 15:54:06 -0700 2012
Served asset /application.js - 304 Not Modified (0ms)


Started GET "/microposts" for 127.0.0.1 at Sat Feb 11 15:55:52 -0700 2012
Processing by MicropostsController#index as HTML
  [1m[35mMicropost Load (0.1ms)[0m  SELECT "microposts".* FROM "microposts" 
  Rendered microposts/index.html.erb within layouts/application (1.4ms)
Completed 200 OK in 10ms (Views: 5.8ms | ActiveRecord: 0.1ms)


Started GET "/assets/application.css?body=1" for 127.0.0.1 at Sat Feb 11 15:55:52 -0700 2012
Served asset /application.css - 304 Not Modified (0ms)


Started GET "/assets/microposts.css?body=1" for 127.0.0.1 at Sat Feb 11 15:55:52 -0700 2012
Served asset /microposts.css - 304 Not Modified (0ms)


Started GET "/assets/jquery.js?body=1" for 127.0.0.1 at Sat Feb 11 15:55:52 -0700 2012
Served asset /jquery.js - 304 Not Modified (0ms)


Started GET "/assets/scaffolds.css?body=1" for 127.0.0.1 at Sat Feb 11 15:55:52 -0700 2012
Served asset /scaffolds.css - 304 Not Modified (0ms)


Started GET "/assets/jquery_ujs.js?body=1" for 127.0.0.1 at Sat Feb 11 15:55:52 -0700 2012
Served asset /jquery_ujs.js - 304 Not Modified (0ms)


Started GET "/assets/users.css?body=1" for 127.0.0.1 at Sat Feb 11 15:55:52 -0700 2012
Served asset /users.css - 304 Not Modified (0ms)


Started GET "/assets/microposts.js?body=1" for 127.0.0.1 at Sat Feb 11 15:55:52 -0700 2012
Served asset /microposts.js - 304 Not Modified (0ms)


Started GET "/assets/users.js?body=1" for 127.0.0.1 at Sat Feb 11 15:55:52 -0700 2012
Served asset /users.js - 304 Not Modified (0ms)


Started GET "/assets/application.js?body=1" for 127.0.0.1 at Sat Feb 11 15:55:52 -0700 2012
Served asset /application.js - 304 Not Modified (0ms)
